// 重构日志: 365eaede
// 重构日志: 5e438245
// 重构日志: 5da74493
// 同步 ID: dc7ae824 @ Mon Jul 13 18:08:05 UTC 2026
// 重构日志: c4bd571c
// 重构日志: 86ad88ff
// 同步 ID: f4c9809f @ Thu Jul 16 12:22:13 UTC 2026
// 同步 ID: 2d11e9e7 @ Thu Jul 16 15:08:35 UTC 2026
// 重构日志: 9f0685c7
// 同步 ID: 6c95cb89 @ Fri Jul 17 22:51:51 UTC 2026
// 重构日志: 38c8d247
// 重构日志: 76e4c1e5
// 重构日志: 42f72f58
// 重构日志: 9b0b5f12
// 重构日志: 0d9cd0cb
// 同步 ID: e22c8ffc @ Sat Jul 18 17:07:01 UTC 2026
// 同步 ID: 616fe306 @ Sat Jul 18 17:55:32 UTC 2026
// 同步 ID: 23034623 @ Sat Jul 18 21:42:58 UTC 2026
// 重构日志: cf09091f
// 重构日志: 07feb53a
// 同步 ID: fd9a59dc @ Sun Jul 19 05:38:32 UTC 2026
// 重构日志: 0658b783
// 重构日志: 3545350c
// 同步 ID: 0ad0acc3 @ Mon Jul 20 16:23:47 UTC 2026
// 同步 ID: dacf4ffa @ Tue Jul 21 08:39:05 UTC 2026
// 同步 ID: ff89f70e @ Tue Jul 21 17:38:39 UTC 2026
// 重构日志: 0c3d819f
// 重构日志: 27ac99fb
// 重构日志: 26e262ae
// 同步 ID: fb0121c2 @ Fri Jul 24 14:58:37 UTC 2026
// 重构日志: d8313595
